<?xml version="1.0" encoding="UTF-8"?>
<!-- Generated by org.testng.reporters.JUnitReportReporter -->
<testsuite hostname="Nanithan" failures="0" tests="1" name="testRunner.CucumberRun" time="30.240" errors="0" timestamp="2023-11-18T12:29:37 IST" skipped="0">
  <testcase classname="testRunner.CucumberRun" name="runScenario" time="30.240"/>
  <system-out/>
</testsuite> <!-- testRunner.CucumberRun -->
